<?xml version="1.0" encoding="UTF-8"?>
<!-- Generated by org.testng.reporters.JUnitReportReporter -->
<testsuite skipped="0" hostname="DESKTOP-84C6ESV" name="testng.NewTest" tests="1" failures="0" timestamp="22 Mar 2019 16:53:59 GMT" time="9.477" errors="0">
  <testcase name="testEasy" time="9.477" classname="testng.NewTest"/>
</testsuite> <!-- testng.NewTest -->
